<?xml version="1.0" encoding="ISO-8859-1"?>
<configuration>
  <service-configuration type="org.exoplatform.portal.faces.component.PortalComponentIDGenerator">
    <value-param>
      <name>algorithm</name>
      <value>exo</value>
    </value-param>
  </service-configuration>
</configuration>
