<?xml version="1.0" encoding="ISO-8859-1"?>
<configuration>
  <service-configuration type="org.exoplatform.services.resources.impl.LocaleConfigServiceImpl">
    <value-param>
      <name>locale.config.file</name>
      <value>war:/conf/locales-config.xml</value>
    </value-param>
  </service-configuration>
</configuration>