<query  source="tmp/addresses.xml" destination="tmp/test-addr.out">
   <select xpath="."/>
</query>
